remote: Compressing source files... done.[K
remote: Building source:[K
remote: 
remote: -----> Ruby app detected[K
remote: -----> Compiling Ruby/Rails[K
remote: -----> Using Ruby version: ruby-2.4.4[K
remote: -----> Installing dependencies using bundler 1.15.2[K
remote:        Running: bundle install --without development:test --path vendor/bundle --binstubs vendor/bundle/bin -j4 --deployment[K
remote:        Warning: the running version of Bundler (1.15.2) is older than the version that created the lockfile (1.16.2). We suggest you upgrade to the latest version of Bundler by running `gem install bundler`.[K
remote:        Fetching gem metadata from https://rubygems.org/..........[K
remote:        Fetching version metadata from https://rubygems.org/..[K
remote:        Fetching dependency metadata from https://rubygems.org/.[K
remote:        Using rake 12.3.1[K
remote:        Using concurrent-ruby 1.0.5[K
remote:        Using minitest 5.11.3[K
remote:        Using thread_safe 0.3.6[K
remote:        Using builder 3.2.3[K
remote:        Using erubis 2.7.0[K
remote:        Using mini_portile2 2.3.0[K
remote:        Using crass 1.0.4[K
remote:        Using rack 1.6.10[K
remote:        Using mini_mime 1.0.0[K
remote:        Using arel 6.0.4[K
remote:        Using bundler 1.15.2[K
remote:        Using coffee-script-source 1.12.2[K
remote:        Using execjs 2.7.0[K
remote:        Using thor 0.20.0[K
remote:        Using ffi 1.9.25[K
remote:        Using multi_json 1.13.1[K
remote:        Using json 1.8.6[K
remote:        Using pg 1.0.0[K
remote:        Using rails_serve_static_assets 0.0.5[K
remote:        Using rails_stdout_logging 0.0.5[K
remote:        Using rb-fsevent 0.10.3[K
remote:        Using rdoc 4.3.0[K
remote:        Using tilt 2.0.8[K
remote:        Using turbolinks-source 5.1.0[K
remote:        Using tzinfo 1.2.5[K
remote:        Using i18n 0.9.5[K
remote:        Using nokogiri 1.8.3[K
remote:        Using rack-test 0.6.3[K
remote:        Using sprockets 3.7.2[K
remote:        Using mail 2.7.0[K
remote:        Using uglifier 4.1.12[K
remote:        Using coffee-script 2.4.1[K
remote:        Using rb-inotify 0.9.10[K
remote:        Using rails_12factor 0.0.3[K
remote:        Using activesupport 4.2.9[K
remote:        Using turbolinks 5.1.1[K
remote:        Using loofah 2.2.2[K
remote:        Using sdoc 0.4.2[K
remote:        Using rails-deprecated_sanitizer 1.0.3[K
remote:        Using globalid 0.4.1[K
remote:        Using activemodel 4.2.9[K
remote:        Using jbuilder 2.7.0[K
remote:        Using rails-html-sanitizer 1.0.4[K
remote:        Using sass-listen 4.0.0[K
remote:        Using activejob 4.2.9[K
remote:        Using activerecord 4.2.9[K
remote:        Using rails-dom-testing 1.0.9[K
remote:        Using sass 3.5.6[K
remote:        Using actionview 4.2.9[K
remote:        Using actionpack 4.2.9[K
remote:        Using actionmailer 4.2.9[K
remote:        Using railties 4.2.9[K
remote:        Using sprockets-rails 3.2.1[K
remote:        Using coffee-rails 4.1.1[K
remote:        Using jquery-rails 4.3.3[K
remote:        Using rails 4.2.9[K
remote:        Using sass-rails 5.0.7[K
remote:        Bundle complete! 14 Gemfile dependencies, 58 gems now installed.[K
remote:        Gems in the groups development and test were not installed.[K
remote:        Bundled gems are installed into ./vendor/bundle.[K
remote:        Bundle completed (2.81s)[K
remote:        Cleaning up the bundler cache.[K
remote:        Warning: the running version of Bundler (1.15.2) is older than the version that created the lockfile (1.16.2). We suggest you upgrade to the latest version of Bundler by running `gem install bundler`.[K
remote:        The latest bundler is 1.16.2, but you are currently running 1.15.2.[K
remote:        To update, run `gem install bundler`[K
remote: -----> Installing node-v8.10.0-linux-x64[K
remote: -----> Detecting rake tasks[K
remote: -----> Preparing app for Rails asset pipeline[K
remote:        Running: rake assets:precompile[K
remote:        Asset precompilation completed (1.31s)[K
remote:        Cleaning assets[K
remote:        Running: rake assets:clean[K
remote: -----> Detecting rails configuration[K
remote: 
remote: ###### WARNING:[K
remote:        Detecting rails configuration failed[K
remote:        set HEROKU_DEBUG_RAILS_RUNNER=1 to debug[K
remote: 
remote: ###### WARNING:[K
remote:        No Procfile detected, using the default web server.[K
remote:        We recommend explicitly declaring how to boot your server process via a Procfile.[K
remote:        https://devcenter.heroku.com/articles/ruby-default-web-server[K
remote: 
remote: -----> Discovering process types[K
remote:        Procfile declares types     -> (none)[K
remote:        Default types for buildpack -> console, rake, web, worker[K
remote: 
remote: -----> Compressing...[K
remote:        Done: 36.3M[K
remote: -----> Launching...[K
remote:        Released v6[K
remote:        https://secret-ravine-48672.herokuapp.com/ deployed to Heroku[K
remote: 
remote: Verifying deploy... done.[K
To https://git.heroku.com/secret-ravine-48672.git
   12a210b..1d1faeb  master -> master
